2025.11.15 13:38:25 INFO  tracing is disabled for protocol LSP, to enable tracing of incoming and outgoing JSON messages create an empty file at /home/mauro/project/microservice_laravel/inventory/.metals/lsp.trace.json or /home/mauro/.cache/metals/lsp.trace.json[0m
2025.11.15 13:38:26 INFO  logging to file /home/mauro/project/microservice_laravel/inventory/.metals/metals.log[0m
2025.11.15 13:38:26 INFO  Started: Metals version 0.11.2 in workspace '/home/mauro/project/microservice_laravel/inventory' for client coc.nvim 0.0.82.[0m
2025.11.15 13:38:26 INFO  Parse release: 21.0.8[0m
2025.11.15 13:38:28 INFO  time: initialize in 2.21s[0m
2025.11.15 13:38:28 WARN  Build server is not auto-connectable.[0m
2025.11.15 13:41:42 INFO  tracing is disabled for protocol LSP, to enable tracing of incoming and outgoing JSON messages create an empty file at /home/mauro/project/microservice_laravel/inventory/.metals/lsp.trace.json or /home/mauro/.cache/metals/lsp.trace.json[0m
2025.11.15 13:41:42 INFO  logging to file /home/mauro/project/microservice_laravel/inventory/.metals/metals.log[0m
2025.11.15 13:41:42 INFO  Started: Metals version 0.11.2 in workspace '/home/mauro/project/microservice_laravel/inventory' for client coc.nvim 0.0.82.[0m
2025.11.15 13:41:42 INFO  Parse release: 21.0.8[0m
2025.11.15 13:41:44 INFO  time: initialize in 2.03s[0m
2025.11.15 13:41:44 WARN  Build server is not auto-connectable.[0m
2025.11.15 13:41:45 INFO  skipping build import with status 'Requested'[0m
2025.11.15 15:40:38 INFO  tracing is disabled for protocol LSP, to enable tracing of incoming and outgoing JSON messages create an empty file at /home/mauro/project/microservice_laravel/inventory/.metals/lsp.trace.json or /home/mauro/.cache/metals/lsp.trace.json[0m
2025.11.15 15:40:38 INFO  logging to file /home/mauro/project/microservice_laravel/inventory/.metals/metals.log[0m
2025.11.15 15:40:38 INFO  Started: Metals version 0.11.2 in workspace '/home/mauro/project/microservice_laravel/inventory' for client coc.nvim 0.0.82.[0m
2025.11.15 15:40:38 INFO  Parse release: 21.0.8[0m
2025.11.15 15:40:41 INFO  time: initialize in 2.44s[0m
2025.11.15 15:40:41 WARN  Build server is not auto-connectable.[0m
2025.11.15 19:52:22 INFO  tracing is disabled for protocol LSP, to enable tracing of incoming and outgoing JSON messages create an empty file at /home/mauro/project/microservice_laravel/inventory/.metals/lsp.trace.json or /home/mauro/.cache/metals/lsp.trace.json[0m
2025.11.15 19:52:23 INFO  logging to file /home/mauro/project/microservice_laravel/inventory/.metals/metals.log[0m
2025.11.15 19:52:23 INFO  Started: Metals version 0.11.2 in workspace '/home/mauro/project/microservice_laravel/inventory' for client coc.nvim 0.0.82.[0m
2025.11.15 19:52:23 INFO  Parse release: 21.0.8[0m
2025.11.15 19:52:25 INFO  time: initialize in 2.4s[0m
2025.11.15 19:52:26 WARN  Build server is not auto-connectable.[0m
2025.11.15 19:52:26 INFO  skipping build import with status 'Requested'[0m
2025.11.16 16:16:16 INFO  tracing is disabled for protocol LSP, to enable tracing of incoming and outgoing JSON messages create an empty file at /home/mauro/project/microservice_laravel/inventory/.metals/lsp.trace.json or /home/mauro/.cache/metals/lsp.trace.json[0m
2025.11.16 16:16:17 INFO  logging to file /home/mauro/project/microservice_laravel/inventory/.metals/metals.log[0m
2025.11.16 16:16:17 INFO  Started: Metals version 0.11.2 in workspace '/home/mauro/project/microservice_laravel/inventory' for client coc.nvim 0.0.82.[0m
2025.11.16 16:16:17 INFO  Parse release: 21.0.8[0m
2025.11.16 16:16:19 INFO  time: initialize in 2.42s[0m
2025.11.16 16:16:20 WARN  Build server is not auto-connectable.[0m
2025.11.16 16:16:20 INFO  skipping build import with status 'Requested'[0m
